Required exceptions are in the defined heirachy. ... ok
Driver defines apilevel ... ok
Can connect to database ... ok
Driver defines paramstyle ... ok
Driver defines threadsafety ... ok
Module defines BINARY ... ok
Module supports Binary ... ok
Module defines DATETIME ... ok
Module supports Date and DateFromTicks ... ok
Module supports DateFromTicks ... ok
Module defines NUMBER ... ok
Module defines ROWID ... ok
Module defines STRING ... ok
Module supports Time and TimeFromTicks ... ok
Module supports TimeFromTicks ... ok
Module supports Timestamp and TimestampFromTicks ... ok
Module supports TimestampFromTicks ... ok
Module's date is equivalent to datetime's date ... ok
Module's time attribute is equivalent to datetime's time ... ok
Module's Timestamp attribute is equivalent to datetime's datetime ... ok
Connection objects should include the exceptions as attributes (optional) ... ok
Connection should fail using bogus database ... ok
Connection should fail using bogus password ... ok
Connection should fail using bogus username ... ok
Can't commit, execute, or close a closed connection ... ok
Can't close a closed connection ... ok
Can't commit, execute, or close a closed connection ... ok
Commit must be defined, even if it doesn't do anything ... ok
Consecutive commits should be successfull ... ok
Connections need to be able to create cursors ... ok
Connection should fail using blank password ... ok
Rollback must work or throw NotSupportedError. ... ok
Consecutive rollbacks should be successfull ... ok
Successful connect and close ... ok
Fetchmany works with BLOBs. ... ok
Cursor must define arraysize ... ok
BLOB (file) ... (Unsupported) ok
Connections must have cursor method ... ok
A cursor can read it's own uncommited data ... ok
Cursor description describes columns correctly ... ok
Fetch methods should raise Error if no query issued ... (Unsupported) ok
Insert multiple rows using executemany ... ok
Fetchall retrieves rows & sets rowcount ... ok
Fetchall returns accurate data ... ok
Fetchmany retrieves rows & sets rowcount ... ok
Fetchone retrieves row & sets rowcount ... ok
Insert a row with Null columns ... (Skipped) ok
Inserting wrong number of columns raises ProgrammingError ... (Skipped) ok
Insert that overflows column size raises ProgrammingError ... (Skipped) ok
Insert using the wrong datatype raises TypeError ... (Skipped) ok
Insert into identity column sets cursor.lastrowid ... (Skipped) ok
Can mix fetchone, fetchmany, and fetchall ... ok
Rowcount matches the number of rows inserted ... ok
Rowcount should be 1 after singleton insert ... ok
Scrollable cursors stay open after commits (test is broken) ... (Skipped) ok
Scrollable cursors are set with cursor.set_scrollable ... (Skipped) ok
Insert works with cursor.setinputsize ... ok
Insert works with cursor.setoutputsize ... (Unsupported) ok
Handle Python's None as a database null ... ok
Insert a multitude of date/time datatypes in one statement using datetime ... ok
Insert a multitude of date/time datatypes in one statement using strings ... ok
Insert dates using datetime dates ... ok
Insert dates using strings ... ok
Insert time using datetime's time ... (Unsupported) ok
Insert time using string ... ok
Insert time with subsecond precision using datetime's time ... ok
Insert time with subsecond precision using string ... ok
Insert timestamp using datetime's datetime ... ok
Insert timestamp with subsecond precision using strings ... (Unsupported) ok
Call a stored procedure (experimental) ... (Skipped) ok
Stored procedure calls return result sets ... (Unsupported) ok

----------------------------------------------------------------------
Ran 71 tests in 0.833s

OK
