/home2/kskuhlman/env/acute/lib/python2.4/nose-0.10.0a2-py2.4.egg/nose/plugins/manager.py:291: UserWarning: Module nose was already imported from /home2/kskuhlman/env/acute/lib/python2.4/nose-0.10.0a2-py2.4.egg/nose/__init__.pyc, but /home2/kskuhlman/projects/acute-dbapi is being added to sys.path
  import pkg_resources
.UUUUU....U........U.................U.U..UUU......U.U...U.U...
======================================================================
Unsupported: Connection should fail using bogus database
----------------------------------------------------------------------
Traceback (most recent call last):
  File "/home2/kskuhlman/projects/acute-dbapi/acute/nose_plugins/requires.py", line 91, in newfunc
    raise(Unsupported)
Unsupported

======================================================================
Unsupported: Connection should fail using bogus password
----------------------------------------------------------------------
Traceback (most recent call last):
  File "/home2/kskuhlman/projects/acute-dbapi/acute/nose_plugins/requires.py", line 91, in newfunc
    raise(Unsupported)
Unsupported

======================================================================
Unsupported: Connection should fail using bogus username
----------------------------------------------------------------------
Traceback (most recent call last):
  File "/home2/kskuhlman/projects/acute-dbapi/acute/nose_plugins/requires.py", line 91, in newfunc
    raise(Unsupported)
Unsupported

======================================================================
Unsupported: Can't commit, execute, or close a closed connection
----------------------------------------------------------------------
Traceback (most recent call last):
  File "/home2/kskuhlman/projects/acute-dbapi/acute/nose_plugins/requires.py", line 91, in newfunc
    raise(Unsupported)
Unsupported

======================================================================
Unsupported: Can't close a closed connection
----------------------------------------------------------------------
Traceback (most recent call last):
  File "/home2/kskuhlman/projects/acute-dbapi/acute/nose_plugins/requires.py", line 91, in newfunc
    raise(Unsupported)
Unsupported

======================================================================
Unsupported: Connection should fail using blank password
----------------------------------------------------------------------
Traceback (most recent call last):
  File "/home2/kskuhlman/projects/acute-dbapi/acute/nose_plugins/requires.py", line 91, in newfunc
    raise(Unsupported)
Unsupported

======================================================================
Unsupported: Fetch methods should raise Error if no query issued
----------------------------------------------------------------------
Traceback (most recent call last):
  File "/home2/kskuhlman/projects/acute-dbapi/acute/nose_plugins/requires.py", line 91, in newfunc
    raise(Unsupported)
Unsupported: 
-------------------- >> begin captured stdout << ---------------------
Sane empty fetch False

--------------------- >> end captured stdout << ----------------------

======================================================================
Unsupported: module.BINARY must be defined.
----------------------------------------------------------------------
Traceback (most recent call last):
  File "/home2/kskuhlman/projects/acute-dbapi/acute/nose_plugins/requires.py", line 91, in newfunc
    raise(Unsupported)
Unsupported

======================================================================
Unsupported: module.DATETIME must be defined.
----------------------------------------------------------------------
Traceback (most recent call last):
  File "/home2/kskuhlman/projects/acute-dbapi/acute/nose_plugins/requires.py", line 91, in newfunc
    raise(Unsupported)
Unsupported

======================================================================
Unsupported: module.NUMBER must be defined.
----------------------------------------------------------------------
Traceback (most recent call last):
  File "/home2/kskuhlman/projects/acute-dbapi/acute/nose_plugins/requires.py", line 91, in newfunc
    raise(Unsupported)
Unsupported

======================================================================
Unsupported: module.ROWID must be defined.
----------------------------------------------------------------------
Traceback (most recent call last):
  File "/home2/kskuhlman/projects/acute-dbapi/acute/nose_plugins/requires.py", line 91, in newfunc
    raise(Unsupported)
Unsupported

======================================================================
Unsupported: module.STRING must be defined
----------------------------------------------------------------------
Traceback (most recent call last):
  File "/home2/kskuhlman/projects/acute-dbapi/acute/nose_plugins/requires.py", line 91, in newfunc
    raise(Unsupported)
Unsupported

======================================================================
Unsupported: test_callproc (__main__.TestSQLProcs)
----------------------------------------------------------------------
Traceback (most recent call last):
  File "/home2/kskuhlman/projects/acute-dbapi/acute/nose_plugins/requires.py", line 91, in newfunc
    raise(Unsupported)
Unsupported

======================================================================
Unsupported: test_datatypes_multi (__main__.TestTypesEmbedded)
----------------------------------------------------------------------
Traceback (most recent call last):
  File "/home2/kskuhlman/projects/acute-dbapi/acute/nose_plugins/requires.py", line 91, in newfunc
    raise(Unsupported)
Unsupported

======================================================================
Unsupported: test_time_insert (__main__.TestTypesEmbedded)
----------------------------------------------------------------------
Traceback (most recent call last):
  File "/home2/kskuhlman/projects/acute-dbapi/acute/nose_plugins/requires.py", line 91, in newfunc
    raise(Unsupported)
Unsupported

======================================================================
Unsupported: test_time_insert_subsecond (__main__.TestTypesEmbedded)
----------------------------------------------------------------------
Traceback (most recent call last):
  File "/home2/kskuhlman/projects/acute-dbapi/acute/nose_plugins/requires.py", line 91, in newfunc
    raise(Unsupported)
Unsupported

----------------------------------------------------------------------
Ran 63 tests in 2.228s

OK
